{"total": {"lines":{"total":614,"covered":609,"skipped":0,"pct":99.18},"statements":{"total":614,"covered":609,"skipped":0,"pct":99.18},"functions":{"total":24,"covered":23,"skipped":0,"pct":95.83},"branches":{"total":95,"covered":91,"skipped":0,"pct":95.78},"branchesTrue":{"total":0,"covered":0,"skipped":0,"pct":100}}
,"C:\\Users\\isoah\\Documents\\Script\\Exam\\Strajk_Bowling\\src\\App.jsx": {"lines":{"total":10,"covered":10,"skipped":0,"pct":100},"functions":{"total":1,"covered":1,"skipped":0,"pct":100},"statements":{"total":10,"covered":10,"skipped":0,"pct":100},"branches":{"total":1,"covered":1,"skipped":0,"pct":100}}
,"C:\\Users\\isoah\\Documents\\Script\\Exam\\Strajk_Bowling\\src\\router.jsx": {"lines":{"total":14,"covered":14,"skipped":0,"pct":100},"functions":{"total":0,"covered":0,"skipped":0,"pct":100},"statements":{"total":14,"covered":14,"skipped":0,"pct":100},"branches":{"total":0,"covered":0,"skipped":0,"pct":100}}
,"C:\\Users\\isoah\\Documents\\Script\\Exam\\Strajk_Bowling\\src\\__mocks__\\handlers.js": {"lines":{"total":34,"covered":31,"skipped":0,"pct":91.17},"functions":{"total":0,"covered":0,"skipped":0,"pct":100},"statements":{"total":34,"covered":31,"skipped":0,"pct":91.17},"branches":{"total":1,"covered":1,"skipped":0,"pct":100}}
,"C:\\Users\\isoah\\Documents\\Script\\Exam\\Strajk_Bowling\\src\\__mocks__\\server.js": {"lines":{"total":4,"covered":4,"skipped":0,"pct":100},"functions":{"total":0,"covered":0,"skipped":0,"pct":100},"statements":{"total":4,"covered":4,"skipped":0,"pct":100},"branches":{"total":0,"covered":0,"skipped":0,"pct":100}}
,"C:\\Users\\isoah\\Documents\\Script\\Exam\\Strajk_Bowling\\src\\__tests__\\Booking.test.jsx": {"lines":{"total":124,"covered":124,"skipped":0,"pct":100},"functions":{"total":0,"covered":0,"skipped":0,"pct":100},"statements":{"total":124,"covered":124,"skipped":0,"pct":100},"branches":{"total":21,"covered":21,"skipped":0,"pct":100}}
,"C:\\Users\\isoah\\Documents\\Script\\Exam\\Strajk_Bowling\\src\\__tests__\\Confirmation.test.jsx": {"lines":{"total":49,"covered":49,"skipped":0,"pct":100},"functions":{"total":0,"covered":0,"skipped":0,"pct":100},"statements":{"total":49,"covered":49,"skipped":0,"pct":100},"branches":{"total":6,"covered":6,"skipped":0,"pct":100}}
,"C:\\Users\\isoah\\Documents\\Script\\Exam\\Strajk_Bowling\\src\\__tests__\\Navigation.test.jsx": {"lines":{"total":22,"covered":22,"skipped":0,"pct":100},"functions":{"total":0,"covered":0,"skipped":0,"pct":100},"statements":{"total":22,"covered":22,"skipped":0,"pct":100},"branches":{"total":3,"covered":3,"skipped":0,"pct":100}}
,"C:\\Users\\isoah\\Documents\\Script\\Exam\\Strajk_Bowling\\src\\components\\BookingInfo\\BookingInfo.jsx": {"lines":{"total":44,"covered":44,"skipped":0,"pct":100},"functions":{"total":1,"covered":1,"skipped":0,"pct":100},"statements":{"total":44,"covered":44,"skipped":0,"pct":100},"branches":{"total":1,"covered":1,"skipped":0,"pct":100}}
,"C:\\Users\\isoah\\Documents\\Script\\Exam\\Strajk_Bowling\\src\\components\\ErrorMessage\\ErrorMessage.jsx": {"lines":{"total":8,"covered":8,"skipped":0,"pct":100},"functions":{"total":1,"covered":1,"skipped":0,"pct":100},"statements":{"total":8,"covered":8,"skipped":0,"pct":100},"branches":{"total":1,"covered":1,"skipped":0,"pct":100}}
,"C:\\Users\\isoah\\Documents\\Script\\Exam\\Strajk_Bowling\\src\\components\\Input\\Input.jsx": {"lines":{"total":31,"covered":31,"skipped":0,"pct":100},"functions":{"total":1,"covered":1,"skipped":0,"pct":100},"statements":{"total":31,"covered":31,"skipped":0,"pct":100},"branches":{"total":5,"covered":5,"skipped":0,"pct":100}}
,"C:\\Users\\isoah\\Documents\\Script\\Exam\\Strajk_Bowling\\src\\components\\Navigation\\Navigation.jsx": {"lines":{"total":35,"covered":33,"skipped":0,"pct":94.28},"functions":{"total":4,"covered":3,"skipped":0,"pct":75},"statements":{"total":35,"covered":33,"skipped":0,"pct":94.28},"branches":{"total":6,"covered":3,"skipped":0,"pct":50}}
,"C:\\Users\\isoah\\Documents\\Script\\Exam\\Strajk_Bowling\\src\\components\\Shoes\\Shoes.jsx": {"lines":{"total":42,"covered":42,"skipped":0,"pct":100},"functions":{"total":3,"covered":3,"skipped":0,"pct":100},"statements":{"total":42,"covered":42,"skipped":0,"pct":100},"branches":{"total":4,"covered":4,"skipped":0,"pct":100}}
,"C:\\Users\\isoah\\Documents\\Script\\Exam\\Strajk_Bowling\\src\\components\\Top\\Top.jsx": {"lines":{"total":10,"covered":10,"skipped":0,"pct":100},"functions":{"total":1,"covered":1,"skipped":0,"pct":100},"statements":{"total":10,"covered":10,"skipped":0,"pct":100},"branches":{"total":1,"covered":1,"skipped":0,"pct":100}}
,"C:\\Users\\isoah\\Documents\\Script\\Exam\\Strajk_Bowling\\src\\views\\Booking.jsx": {"lines":{"total":128,"covered":128,"skipped":0,"pct":100},"functions":{"total":11,"covered":11,"skipped":0,"pct":100},"statements":{"total":128,"covered":128,"skipped":0,"pct":100},"branches":{"total":39,"covered":38,"skipped":0,"pct":97.43}}
,"C:\\Users\\isoah\\Documents\\Script\\Exam\\Strajk_Bowling\\src\\views\\Confirmation.jsx": {"lines":{"total":59,"covered":59,"skipped":0,"pct":100},"functions":{"total":1,"covered":1,"skipped":0,"pct":100},"statements":{"total":59,"covered":59,"skipped":0,"pct":100},"branches":{"total":6,"covered":6,"skipped":0,"pct":100}}
}
