TN:
SF:src\App.jsx
FN:6,App
FNF:1
FNH:1
FNDA:3,App
DA:1,1
DA:2,1
DA:4,1
DA:6,3
DA:8,3
DA:9,3
DA:10,3
DA:11,3
DA:13,3
DA:15,1
LF:10
LH:10
BRDA:6,0,0,3
BRF:1
BRH:1
end_of_record
TN:
SF:src\router.jsx
FNF:0
FNH:0
DA:1,1
DA:3,1
DA:4,1
DA:6,1
DA:7,1
DA:8,1
DA:9,1
DA:10,1
DA:11,1
DA:12,1
DA:13,1
DA:14,1
DA:15,1
DA:17,1
LF:14
LH:14
BRF:0
BRH:0
end_of_record
TN:
SF:src\__mocks__\handlers.js
FNF:0
FNH:0
DA:1,1
DA:2,1
DA:3,1
DA:4,1
DA:5,1
DA:6,1
DA:7,0
DA:8,0
DA:9,0
DA:10,1
DA:11,1
DA:12,1
DA:13,1
DA:14,2
DA:15,2
DA:16,2
DA:17,2
DA:18,2
DA:19,2
DA:20,2
DA:21,2
DA:22,2
DA:23,2
DA:24,2
DA:25,2
DA:26,2
DA:27,2
DA:28,2
DA:29,2
DA:30,2
DA:31,2
DA:32,2
DA:33,1
DA:34,1
LF:34
LH:31
BRDA:13,0,0,2
BRF:1
BRH:1
end_of_record
TN:
SF:src\__mocks__\server.js
FNF:0
FNH:0
DA:1,1
DA:2,1
DA:3,1
DA:4,1
LF:4
LH:4
BRF:0
BRH:0
end_of_record
TN:
SF:src\__tests__\Booking.test.jsx
FNF:0
FNH:0
DA:1,1
DA:2,1
DA:3,1
DA:4,1
DA:5,1
DA:7,1
DA:8,1
DA:10,1
DA:11,6
DA:12,6
DA:13,6
DA:14,6
DA:15,6
DA:17,6
DA:18,6
DA:19,6
DA:20,6
DA:21,6
DA:22,6
DA:23,1
DA:25,1
DA:26,1
DA:28,1
DA:29,1
DA:30,1
DA:31,1
DA:32,1
DA:33,1
DA:35,1
DA:36,1
DA:37,1
DA:39,1
DA:40,1
DA:41,1
DA:42,1
DA:44,1
DA:46,1
DA:47,1
DA:48,1
DA:49,1
DA:50,1
DA:51,1
DA:52,1
DA:53,1
DA:55,1
DA:56,1
DA:57,1
DA:59,1
DA:60,1
DA:61,1
DA:62,1
DA:64,1
DA:65,5
DA:66,5
DA:68,1
DA:70,1
DA:71,1
DA:72,1
DA:73,1
DA:74,1
DA:75,1
DA:77,1
DA:78,1
DA:79,1
DA:81,1
DA:82,1
DA:83,1
DA:84,1
DA:86,1
DA:87,5
DA:88,5
DA:89,1
DA:90,1
DA:91,5
DA:92,1
DA:94,1
DA:96,1
DA:97,1
DA:98,1
DA:99,1
DA:100,1
DA:101,1
DA:103,1
DA:104,1
DA:105,1
DA:107,1
DA:108,1
DA:109,1
DA:110,1
DA:112,1
DA:113,5
DA:114,5
DA:115,1
DA:116,1
DA:117,5
DA:118,1
DA:120,1
DA:122,1
DA:123,1
DA:124,5
DA:125,1
DA:126,1
DA:127,1
DA:129,1
DA:130,1
DA:131,1
DA:133,1
DA:134,1
DA:135,1
DA:136,1
DA:138,1
DA:139,6
DA:140,6
DA:141,1
DA:142,1
DA:143,6
DA:144,1
DA:146,1
DA:147,1
DA:148,1
DA:150,1
DA:151,1
DA:152,1
DA:153,1
LF:124
LH:124
BRDA:7,0,0,1
BRDA:10,1,0,6
BRDA:25,2,0,1
BRDA:28,3,0,1
BRDA:35,4,0,1
BRDA:46,5,0,1
BRDA:55,6,0,1
BRDA:64,7,0,5
BRDA:70,8,0,1
BRDA:77,9,0,1
BRDA:86,10,0,5
BRDA:90,11,0,5
BRDA:96,12,0,1
BRDA:103,13,0,1
BRDA:112,14,0,5
BRDA:116,15,0,5
BRDA:122,16,0,1
BRDA:123,17,0,5
BRDA:129,18,0,1
BRDA:138,19,0,6
BRDA:142,20,0,6
BRF:21
BRH:21
end_of_record
TN:
SF:src\__tests__\Confirmation.test.jsx
FNF:0
FNH:0
DA:1,1
DA:2,1
DA:3,1
DA:4,1
DA:5,1
DA:7,1
DA:8,1
DA:9,1
DA:10,1
DA:11,1
DA:12,1
DA:13,1
DA:15,1
DA:16,1
DA:18,1
DA:19,1
DA:20,1
DA:21,1
DA:22,1
DA:23,1
DA:24,1
DA:25,1
DA:26,1
DA:27,1
DA:28,1
DA:30,1
DA:31,1
DA:32,1
DA:33,1
DA:34,1
DA:36,1
DA:37,1
DA:38,1
DA:39,1
DA:40,1
DA:41,1
DA:42,1
DA:43,1
DA:44,1
DA:46,1
DA:47,1
DA:49,1
DA:50,1
DA:51,1
DA:52,1
DA:53,1
DA:54,1
DA:56,1
DA:57,1
DA:59,1
DA:60,1
DA:61,1
DA:62,1
DA:64,1
DA:65,5
DA:66,5
DA:67,1
DA:68,1
DA:69,5
DA:70,1
DA:72,1
DA:73,1
DA:74,1
DA:76,1
DA:78,1
DA:79,1
DA:80,1
DA:81,1
DA:82,1
DA:83,1
DA:84,1
DA:85,1
DA:86,1
DA:87,1
LF:74
LH:74
BRDA:7,0,0,1
BRDA:8,1,0,1
BRDA:18,2,0,1
BRDA:46,3,0,1
BRDA:64,4,0,5
BRDA:68,5,0,5
BRDA:72,6,0,1
BRF:7
BRH:7
end_of_record
TN:
SF:src\__tests__\Navigation.test.jsx
FNF:0
FNH:0
DA:1,1
DA:2,1
DA:4,1
DA:5,1
DA:6,1
DA:7,1
DA:8,1
DA:10,1
DA:11,1
DA:13,1
DA:14,1
DA:15,1
DA:16,1
DA:17,1
DA:18,1
DA:20,1
DA:21,1
DA:22,1
LF:18
LH:18
BRDA:4,0,0,1
BRDA:5,1,0,1
BRDA:13,2,0,1
BRF:3
BRH:3
end_of_record
TN:
SF:src\components\BookingInfo\BookingInfo.jsx
FN:5,BookingInfo
FNF:1
FNH:1
FNDA:87,BookingInfo
DA:1,1
DA:3,1
DA:5,87
DA:6,87
DA:7,87
DA:8,87
DA:9,87
DA:10,87
DA:11,87
DA:12,87
DA:13,87
DA:14,87
DA:15,87
DA:16,87
DA:17,87
DA:18,87
DA:19,87
DA:20,87
DA:21,87
DA:22,87
DA:23,87
DA:24,87
DA:25,87
DA:26,87
DA:27,87
DA:28,87
DA:29,87
DA:30,87
DA:31,87
DA:32,87
DA:33,87
DA:34,87
DA:35,87
DA:36,87
DA:37,87
DA:38,87
DA:39,87
DA:40,87
DA:41,87
DA:42,87
DA:43,87
DA:44,87
DA:46,87
DA:48,1
LF:44
LH:44
BRDA:5,0,0,87
BRF:1
BRH:1
end_of_record
TN:
SF:src\components\ErrorMessage\ErrorMessage.jsx
FN:3,ErrorMessage
FNF:1
FNH:1
FNDA:4,ErrorMessage
DA:1,1
DA:3,4
DA:4,4
DA:5,4
DA:6,4
DA:7,4
DA:9,4
DA:11,1
LF:8
LH:8
BRDA:3,0,0,4
BRF:1
BRH:1
end_of_record
TN:
SF:src\components\Input\Input.jsx
FN:3,Input
FNF:1
FNH:1
FNDA:568,Input
DA:1,1
DA:3,568
DA:4,568
DA:5,568
DA:6,568
DA:7,568
DA:8,568
DA:9,568
DA:10,568
DA:11,568
DA:12,568
DA:13,568
DA:14,568
DA:15,568
DA:16,568
DA:17,568
DA:19,568
DA:20,568
DA:21,568
DA:22,568
DA:23,568
DA:24,568
DA:25,568
DA:26,568
DA:27,568
DA:28,568
DA:29,568
DA:30,568
DA:31,568
DA:33,568
DA:35,1
LF:31
LH:31
BRDA:3,0,0,568
BRDA:23,1,0,481
BRDA:23,2,0,87
BRDA:27,3,0,8
BRDA:27,4,0,560
BRF:5
BRH:5
end_of_record
TN:
SF:src\components\Navigation\Navigation.jsx
FN:6,Navigation
FN:15,onClick
FN:22,onClick
FN:31,onClick
FNF:4
FNH:3
FNDA:91,Navigation
FNDA:0,onClick
FNDA:1,onClick
FNDA:1,onClick
DA:1,1
DA:2,1
DA:3,1
DA:4,1
DA:6,91
DA:7,91
DA:8,91
DA:10,91
DA:11,91
DA:12,91
DA:13,91
DA:14,91
DA:15,91
DA:16,0
DA:17,0
DA:18,91
DA:19,91
DA:20,91
DA:21,91
DA:22,91
DA:23,1
DA:24,1
DA:25,91
DA:27,91
DA:28,91
DA:29,91
DA:30,91
DA:31,91
DA:32,1
DA:33,1
DA:34,91
DA:36,91
DA:37,91
DA:39,91
DA:41,1
LF:35
LH:33
BRDA:6,0,0,91
BRDA:11,1,0,0
BRDA:21,2,0,0
BRDA:30,3,0,0
BRDA:22,4,0,1
BRDA:31,5,0,1
BRF:6
BRH:3
end_of_record
TN:
SF:src\components\Shoes\Shoes.jsx
FN:6,Shoes
FN:21,onClick
FN:41,onClick
FNF:3
FNH:3
FNDA:87,Shoes
FNDA:1,onClick
FNDA:26,onClick
DA:1,1
DA:2,1
DA:4,1
DA:6,87
DA:7,87
DA:8,212
DA:9,212
DA:10,212
DA:11,212
DA:12,212
DA:13,212
DA:14,212
DA:15,212
DA:16,212
DA:17,212
DA:18,212
DA:19,212
DA:20,212
DA:21,212
DA:22,1
DA:23,1
DA:24,212
DA:26,212
DA:27,212
DA:30,212
DA:31,87
DA:33,87
DA:34,87
DA:35,87
DA:36,87
DA:37,87
DA:38,87
DA:39,87
DA:40,87
DA:41,87
DA:42,26
DA:43,26
DA:44,87
DA:46,87
DA:47,87
DA:49,87
DA:51,1
LF:42
LH:42
BRDA:6,0,0,87
BRDA:7,1,0,212
BRDA:21,2,0,1
BRDA:41,3,0,26
BRF:4
BRH:4
end_of_record
TN:
SF:src\components\Top\Top.jsx
FN:4,Top
FNF:1
FNH:1
FNDA:91,Top
DA:1,1
DA:2,1
DA:4,91
DA:5,91
DA:6,91
DA:7,91
DA:8,91
DA:9,91
DA:11,91
DA:13,1
LF:10
LH:10
BRDA:4,0,0,91
BRF:1
BRH:1
end_of_record
TN:
SF:src\views\Booking.jsx
FN:11,Booking
FN:22,updateBookingDetails
FN:32,updateSize
FN:45,addShoe
FN:51,removeShoe
FN:57,isShoeSizesFilled
FN:65,checkPlayersAndLanes
FN:74,sendBooking
FN:90,comparePeopleAndShoes
FN:94,saveConfirmation
FN:102,book
FNF:11
FNH:11
FNDA:87,Booking
FNDA:24,updateBookingDetails
FNDA:21,updateSize
FNDA:26,addShoe
FNDA:1,removeShoe
FNDA:4,isShoeSizesFilled
FNDA:3,checkPlayersAndLanes
FNDA:2,sendBooking
FNDA:5,comparePeopleAndShoes
FNDA:2,saveConfirmation
FNDA:6,book
DA:1,1
DA:2,1
DA:3,1
DA:5,1
DA:6,1
DA:7,1
DA:8,1
DA:9,1
DA:11,87
DA:12,87
DA:13,87
DA:14,87
DA:15,87
DA:16,87
DA:17,87
DA:18,87
DA:19,87
DA:20,87
DA:22,87
DA:23,24
DA:24,24
DA:26,24
DA:27,24
DA:28,24
DA:29,24
DA:30,24
DA:32,87
DA:33,21
DA:34,21
DA:36,21
DA:37,21
DA:38,21
DA:39,111
DA:40,21
DA:41,21
DA:42,21
DA:43,21
DA:45,87
DA:46,26
DA:48,26
DA:49,26
DA:51,87
DA:52,1
DA:54,1
DA:55,1
DA:57,87
DA:58,4
DA:60,4
DA:62,4
DA:63,4
DA:65,87
DA:66,3
DA:67,3
DA:69,3
DA:71,1
DA:72,3
DA:74,87
DA:75,2
DA:76,2
DA:77,2
DA:78,2
DA:79,2
DA:80,2
DA:81,2
DA:82,2
DA:83,2
DA:84,2
DA:85,2
DA:87,2
DA:88,2
DA:90,87
DA:91,5
DA:92,5
DA:94,87
DA:95,2
DA:96,2
DA:98,2
DA:99,2
DA:100,2
DA:102,87
DA:103,6
DA:105,6
DA:106,1
DA:107,6
DA:108,1
DA:109,5
DA:110,1
DA:111,4
DA:112,1
DA:113,1
DA:116,6
DA:117,4
DA:118,4
DA:119,4
DA:121,2
DA:122,2
DA:123,2
DA:124,2
DA:125,2
DA:126,2
DA:128,2
DA:130,2
DA:132,2
DA:133,2
DA:135,2
DA:136,2
DA:137,2
DA:138,6
DA:140,87
DA:141,87
DA:142,87
DA:143,87
DA:144,87
DA:145,87
DA:146,87
DA:147,87
DA:148,87
DA:149,87
DA:150,87
DA:151,87
DA:152,87
DA:153,87
DA:154,87
DA:156,87
DA:157,87
DA:158,87
DA:160,87
DA:162,1
LF:128
LH:128
BRDA:11,0,0,87
BRDA:157,1,0,4
BRDA:157,2,0,83
BRDA:22,3,0,24
BRDA:26,4,0,24
BRDA:32,5,0,21
BRDA:36,6,0,0
BRDA:37,7,0,21
BRDA:38,8,0,111
BRDA:39,9,0,21
BRDA:39,10,0,90
BRDA:45,11,0,26
BRDA:51,12,0,1
BRDA:54,13,0,6
BRDA:57,14,0,4
BRDA:60,15,0,20
BRDA:60,16,0,15
BRDA:60,17,0,5
BRDA:65,18,0,3
BRDA:69,19,0,2
BRDA:69,20,0,1
BRDA:74,21,0,2
BRDA:90,22,0,5
BRDA:94,23,0,2
BRDA:95,24,0,2
BRDA:102,25,0,6
BRDA:105,26,0,5
BRDA:105,27,0,5
BRDA:105,28,0,5
BRDA:105,29,0,1
BRDA:107,30,0,5
BRDA:107,31,0,1
BRDA:109,32,0,4
BRDA:109,33,0,1
BRDA:111,34,0,3
BRDA:111,35,0,1
BRDA:116,36,0,4
BRDA:119,37,0,2
BRDA:125,38,0,10
BRF:39
BRH:38
end_of_record
TN:
SF:src\views\Confirmation.jsx
FN:8,Confirmation
FNF:1
FNH:1
FNDA:4,Confirmation
DA:1,1
DA:2,1
DA:4,1
DA:5,1
DA:6,1
DA:8,4
DA:9,4
DA:11,4
DA:12,4
DA:13,3
DA:14,4
DA:15,4
DA:16,4
DA:17,4
DA:18,4
DA:19,2
DA:20,2
DA:21,2
DA:22,2
DA:23,2
DA:24,2
DA:25,2
DA:26,2
DA:27,2
DA:28,2
DA:29,2
DA:30,2
DA:31,2
DA:32,2
DA:33,2
DA:34,2
DA:35,2
DA:36,2
DA:37,2
DA:38,2
DA:39,2
DA:40,2
DA:41,2
DA:42,2
DA:43,2
DA:44,2
DA:45,2
DA:46,2
DA:47,2
DA:48,2
DA:49,2
DA:50,2
DA:51,2
DA:52,2
DA:53,2
DA:54,2
DA:55,2
DA:56,2
DA:58,2
DA:59,2
DA:61,2
DA:63,4
DA:65,4
DA:67,1
LF:59
LH:59
BRDA:8,0,0,4
BRDA:12,1,0,1
BRDA:12,2,0,3
BRDA:18,3,0,3
BRDA:18,4,0,2
BRDA:59,5,0,2
BRF:6
BRH:6
end_of_record
